2023-10-03 11:53:08,163:INFO:PyCaret Supervised Module
2023-10-03 11:53:08,163:INFO:ML Usecase: classification
2023-10-03 11:53:08,163:INFO:version 2.3.10
2023-10-03 11:53:08,164:INFO:Initializing setup()
2023-10-03 11:53:08,164:INFO:setup(target=Churn, ml_usecase=classification, available_plots={'parameter': 'Hyperparameters', 'auc': 'AUC', 'confusion_matrix': 'Confusion Matrix', 'threshold': 'Threshold', 'pr': 'Precision Recall', 'error': 'Prediction Error', 'class_report': 'Class Report', 'rfe': 'Feature Selection', 'learning': 'Learning Curve', 'manifold': 'Manifold Learning', 'calibration': 'Calibration Curve', 'vc': 'Validation Curve', 'dimension': 'Dimensions', 'feature': 'Feature Importance', 'feature_all': 'Feature Importance (All)', 'boundary': 'Decision Boundary', 'lift': 'Lift Chart', 'gain': 'Gain Chart', 'tree': 'Decision Tree', 'ks': 'KS Statistic Plot'}, train_size=0.7, test_data=None, preprocess=True, imputation_type=simple, iterative_imputation_iters=5, categorical_features=None, categorical_imputation=constant, categorical_iterative_imputer=lightgbm, ordinal_features=None, high_cardinality_features=None, high_cardinality_method=frequency, numeric_features=None, numeric_imputation=mean, numeric_iterative_imputer=lightgbm, date_features=None, ignore_features=None, normalize=True, normalize_method=zscore, transformation=False, transformation_method=yeo-johnson, handle_unknown_categorical=True, unknown_categorical_method=least_frequent, pca=False, pca_method=linear, pca_components=None, ignore_low_variance=False, combine_rare_levels=False, rare_level_threshold=0.1, bin_numeric_features=None, remove_outliers=False, outliers_threshold=0.05, remove_multicollinearity=False, multicollinearity_threshold=0.9, remove_perfect_collinearity=True, create_clusters=False, cluster_iter=20, polynomial_features=False, polynomial_degree=2, trigonometry_features=False, polynomial_threshold=0.1, group_features=None, group_names=None, feature_selection=False, feature_selection_threshold=0.8, feature_selection_method=classic, feature_interaction=False, feature_ratio=False, interaction_threshold=0.01, fix_imbalance=True, fix_imbalance_method=None, transform_target=False, transform_target_method=box-cox, data_split_shuffle=True, data_split_stratify=False, fold_strategy=stratifiedkfold, fold=10, fold_shuffle=False, fold_groups=None, n_jobs=-1, use_gpu=False, custom_pipeline=None, html=True, session_id=None, log_experiment=False, experiment_name=None, experiment_custom_tags=None, log_plots=False, log_profile=False, log_data=False, silent=False, verbose=True, profile=False, profile_kwargs=None, display=None)
2023-10-03 11:53:08,164:INFO:Checking environment
2023-10-03 11:53:08,165:INFO:python_version: 3.8.13
2023-10-03 11:53:08,165:INFO:python_build: ('default', 'Mar 28 2022 06:59:08')
2023-10-03 11:53:08,165:INFO:machine: AMD64
2023-10-03 11:53:08,165:INFO:platform: Windows-10-10.0.22621-SP0
2023-10-03 11:53:08,165:INFO:Memory: svmem(total=16497102848, available=3871789056, percent=76.5, used=12625313792, free=3871789056)
2023-10-03 11:53:08,165:INFO:Physical Core: 8
2023-10-03 11:53:08,166:INFO:Logical Core: 16
2023-10-03 11:53:08,166:INFO:Checking libraries
2023-10-03 11:53:08,166:INFO:pd==1.4.3
2023-10-03 11:53:08,166:INFO:numpy==1.19.5
2023-10-03 11:53:08,166:INFO:sklearn==0.23.2
2023-10-03 11:53:08,166:INFO:lightgbm==3.3.2
2023-10-03 11:53:08,168:WARNING:catboost not found
2023-10-03 11:53:08,168:INFO:xgboost==1.6.1
2023-10-03 11:53:08,168:INFO:mlflow==1.27.0
2023-10-03 11:53:08,168:INFO:Checking Exceptions
2023-10-03 11:53:08,168:INFO:Declaring global variables
2023-10-03 11:53:08,168:INFO:USI: 3486
2023-10-03 11:53:08,168:INFO:pycaret_globals: {'transform_target_method_param', 'X_train', 'USI', 'experiment__', 'X_test', 'create_model_container', 'y_test', 'X', 'gpu_param', '_all_models', 'y_train', 'fold_groups_param', 'fix_imbalance_param', '_available_plots', 'display_container', 'html_param', 'master_model_container', '_all_models_internal', '_gpu_n_jobs_param', '_internal_pipeline', 'fold_param', 'target_param', 'stratify_param', 'imputation_classifier', 'dashboard_logger', 'imputation_regressor', 'seed', 'iterative_imputation_iters_param', 'fold_shuffle_param', 'transform_target_param', 'pycaret_globals', 'fold_groups_param_full', 'y', 'n_jobs_param', 'exp_name_log', 'fold_generator', '_ml_usecase', 'log_plots_param', 'data_before_preprocess', '_all_metrics', 'logging_param', 'fix_imbalance_method_param', 'prep_pipe'}
2023-10-03 11:53:08,168:INFO:Preparing display monitor
2023-10-03 11:53:08,169:INFO:Preparing display monitor
2023-10-03 11:53:08,187:INFO:Importing libraries
2023-10-03 11:53:08,187:INFO:Copying data for preprocessing
2023-10-03 11:53:08,202:INFO:Declaring preprocessing parameters
2023-10-03 11:53:08,204:INFO:Creating preprocessing pipeline
2023-10-03 11:53:08,246:INFO:Preprocessing pipeline created successfully
2023-10-03 11:53:08,246:ERROR:(Process Exit): setup has been interupted with user command 'quit'. setup must rerun.
2023-10-03 11:53:08,247:INFO:Creating global containers
2023-10-03 11:53:08,249:INFO:Internal pipeline: Pipeline(memory=None,
         steps=[('fix_imbalance',
                 SMOTE(k_neighbors=5, n_jobs=None, random_state=8619,
                       sampling_strategy='auto'))],
         verbose=False)
2023-10-03 11:53:14,510:WARNING:Couldn't import catboost.CatBoostClassifier
2023-10-03 11:53:14,608:WARNING:Couldn't import catboost.CatBoostClassifier
2023-10-03 11:53:14,609:INFO:Creating grid variables
2023-10-03 11:53:14,626:INFO:create_model_container: 0
2023-10-03 11:53:14,626:INFO:master_model_container: 0
2023-10-03 11:53:14,626:INFO:display_container: 1
2023-10-03 11:53:14,634:INFO:Pipeline(memory=None,
         steps=[('dtypes',
                 DataTypes_Auto_infer(categorical_features=[],
                                      display_types=True, features_todrop=[],
                                      id_columns=[],
                                      ml_usecase='classification',
                                      numerical_features=[], target='Churn',
                                      time_features=[])),
                ('imputer',
                 Simple_Imputer(categorical_strategy='not_available',
                                fill_value_categorical=None,
                                fill_value_numerical=None,
                                numeric_strate...
                                                  target='Churn')),
                ('P_transform', 'passthrough'), ('binn', 'passthrough'),
                ('rem_outliers', 'passthrough'), ('cluster_all', 'passthrough'),
                ('dummy', Dummify(target='Churn')),
                ('fix_perfect', Remove_100(target='Churn')),
                ('clean_names', Clean_Colum_Names()),
                ('feature_select', 'passthrough'), ('fix_multi', 'passthrough'),
                ('dfs', 'passthrough'), ('pca', 'passthrough')],
         verbose=False)
2023-10-03 11:53:14,634:INFO:setup() succesfully completed......................................
2023-10-03 11:53:33,626:INFO:Initializing compare_models()
2023-10-03 11:53:33,626:INFO:compare_models(include=None, fold=10, round=4, cross_validation=True, sort=Accuracy, n_select=1, budget_time=None, turbo=True, errors=ignore, fit_kwargs=None, groups=None, experiment_custom_tags=None, probability_threshold=None, verbose=True, display=None, exclude=None)
2023-10-03 11:53:33,626:INFO:Checking exceptions
2023-10-03 11:53:33,627:INFO:Preparing display monitor
2023-10-03 11:53:33,627:INFO:Preparing display monitor
2023-10-03 11:53:33,663:INFO:Initializing Logistic Regression
2023-10-03 11:53:33,663:INFO:Total runtime is 0.0 minutes
2023-10-03 11:53:33,675:INFO:SubProcess create_model() called ==================================
2023-10-03 11:53:33,676:INFO:Initializing create_model()
2023-10-03 11:53:33,676:INFO:create_model(estimator=lr, fold=StratifiedKFold(n_splits=10, random_state=None, shuffle=False), round=4, cross_validation=True, predict=True, fit_kwargs={}, groups=None, refit=False, verbose=False, system=False, metrics=None, experiment_custom_tags=None, add_to_model_list=True, probability_threshold=None, display=<pycaret.internal.Display.Display object at 0x000001D135BF23A0>, return_train_score=False, kwargs={})
2023-10-03 11:53:33,676:INFO:Checking exceptions
2023-10-03 11:53:33,677:INFO:Importing libraries
2023-10-03 11:53:33,677:INFO:Copying training dataset
2023-10-03 11:53:33,678:INFO:Defining folds
2023-10-03 11:53:33,678:INFO:Declaring metric variables
2023-10-03 11:53:33,686:INFO:Importing untrained model
2023-10-03 11:53:33,698:INFO:Logistic Regression Imported succesfully
2023-10-03 11:53:33,720:INFO:Starting cross validation
2023-10-03 11:53:33,721:INFO:Cross validating with StratifiedKFold(n_splits=10, random_state=None, shuffle=False), n_jobs=-1
2023-10-03 11:53:39,529:INFO:Calculating mean and std
2023-10-03 11:53:39,531:INFO:Creating metrics dataframe
2023-10-03 11:53:39,538:INFO:Uploading results into container
2023-10-03 11:53:39,538:INFO:Uploading model into container now
2023-10-03 11:53:39,538:INFO:create_model_container: 1
2023-10-03 11:53:39,538:INFO:master_model_container: 1
2023-10-03 11:53:39,538:INFO:display_container: 2
2023-10-03 11:53:39,539:INFO:LogisticRegression(C=1.0, class_weight=None, dual=False, fit_intercept=True,
                   intercept_scaling=1, l1_ratio=None, max_iter=1000,
                   multi_class='auto', n_jobs=None, penalty='l2',
                   random_state=8619, solver='lbfgs', tol=0.0001, verbose=0,
                   warm_start=False)
2023-10-03 11:53:39,539:INFO:create_model() succesfully completed......................................
2023-10-03 11:53:39,702:INFO:SubProcess create_model() end ==================================
2023-10-03 11:53:39,702:INFO:Creating metrics dataframe
2023-10-03 11:53:39,711:INFO:Initializing K Neighbors Classifier
2023-10-03 11:53:39,712:INFO:Total runtime is 0.10081841945648193 minutes
2023-10-03 11:53:39,721:INFO:SubProcess create_model() called ==================================
2023-10-03 11:53:39,721:INFO:Initializing create_model()
2023-10-03 11:53:39,722:INFO:create_model(estimator=knn, fold=StratifiedKFold(n_splits=10, random_state=None, shuffle=False), round=4, cross_validation=True, predict=True, fit_kwargs={}, groups=None, refit=False, verbose=False, system=False, metrics=None, experiment_custom_tags=None, add_to_model_list=True, probability_threshold=None, display=<pycaret.internal.Display.Display object at 0x000001D135BF23A0>, return_train_score=False, kwargs={})
2023-10-03 11:53:39,722:INFO:Checking exceptions
2023-10-03 11:53:39,722:INFO:Importing libraries
2023-10-03 11:53:39,722:INFO:Copying training dataset
2023-10-03 11:53:39,723:INFO:Defining folds
2023-10-03 11:53:39,723:INFO:Declaring metric variables
2023-10-03 11:53:39,731:INFO:Importing untrained model
2023-10-03 11:53:39,740:INFO:K Neighbors Classifier Imported succesfully
2023-10-03 11:53:39,762:INFO:Starting cross validation
2023-10-03 11:53:39,763:INFO:Cross validating with StratifiedKFold(n_splits=10, random_state=None, shuffle=False), n_jobs=-1
2023-10-03 11:53:43,219:INFO:Calculating mean and std
2023-10-03 11:53:43,221:INFO:Creating metrics dataframe
2023-10-03 11:53:43,227:INFO:Uploading results into container
2023-10-03 11:53:43,227:INFO:Uploading model into container now
2023-10-03 11:53:43,228:INFO:create_model_container: 2
2023-10-03 11:53:43,228:INFO:master_model_container: 2
2023-10-03 11:53:43,228:INFO:display_container: 2
2023-10-03 11:53:43,229:INFO:KNeighborsClassifier(algorithm='auto', leaf_size=30, metric='minkowski',
                     metric_params=None, n_jobs=-1, n_neighbors=5, p=2,
                     weights='uniform')
2023-10-03 11:53:43,230:INFO:create_model() succesfully completed......................................
2023-10-03 11:53:43,373:INFO:SubProcess create_model() end ==================================
2023-10-03 11:53:43,373:INFO:Creating metrics dataframe
2023-10-03 11:53:43,384:INFO:Initializing Naive Bayes
2023-10-03 11:53:43,384:INFO:Total runtime is 0.16201220750808715 minutes
2023-10-03 11:53:43,394:INFO:SubProcess create_model() called ==================================
2023-10-03 11:53:43,395:INFO:Initializing create_model()
2023-10-03 11:53:43,395:INFO:create_model(estimator=nb, fold=StratifiedKFold(n_splits=10, random_state=None, shuffle=False), round=4, cross_validation=True, predict=True, fit_kwargs={}, groups=None, refit=False, verbose=False, system=False, metrics=None, experiment_custom_tags=None, add_to_model_list=True, probability_threshold=None, display=<pycaret.internal.Display.Display object at 0x000001D135BF23A0>, return_train_score=False, kwargs={})
2023-10-03 11:53:43,395:INFO:Checking exceptions
2023-10-03 11:53:43,395:INFO:Importing libraries
2023-10-03 11:53:43,395:INFO:Copying training dataset
2023-10-03 11:53:43,396:INFO:Defining folds
2023-10-03 11:53:43,396:INFO:Declaring metric variables
2023-10-03 11:53:43,405:INFO:Importing untrained model
2023-10-03 11:53:43,415:INFO:Naive Bayes Imported succesfully
2023-10-03 11:53:43,434:INFO:Starting cross validation
2023-10-03 11:53:43,435:INFO:Cross validating with StratifiedKFold(n_splits=10, random_state=None, shuffle=False), n_jobs=-1
2023-10-03 11:53:43,560:INFO:Calculating mean and std
2023-10-03 11:53:43,561:INFO:Creating metrics dataframe
2023-10-03 11:53:43,566:INFO:Uploading results into container
2023-10-03 11:53:43,566:INFO:Uploading model into container now
2023-10-03 11:53:43,566:INFO:create_model_container: 3
2023-10-03 11:53:43,566:INFO:master_model_container: 3
2023-10-03 11:53:43,566:INFO:display_container: 2
2023-10-03 11:53:43,566:INFO:GaussianNB(priors=None, var_smoothing=1e-09)
2023-10-03 11:53:43,566:INFO:create_model() succesfully completed......................................
2023-10-03 11:53:43,695:INFO:SubProcess create_model() end ==================================
2023-10-03 11:53:43,695:INFO:Creating metrics dataframe
2023-10-03 11:53:43,708:INFO:Initializing Decision Tree Classifier
2023-10-03 11:53:43,708:INFO:Total runtime is 0.16740975379943845 minutes
2023-10-03 11:53:43,721:INFO:SubProcess create_model() called ==================================
2023-10-03 11:53:43,721:INFO:Initializing create_model()
2023-10-03 11:53:43,721:INFO:create_model(estimator=dt, fold=StratifiedKFold(n_splits=10, random_state=None, shuffle=False), round=4, cross_validation=True, predict=True, fit_kwargs={}, groups=None, refit=False, verbose=False, system=False, metrics=None, experiment_custom_tags=None, add_to_model_list=True, probability_threshold=None, display=<pycaret.internal.Display.Display object at 0x000001D135BF23A0>, return_train_score=False, kwargs={})
2023-10-03 11:53:43,722:INFO:Checking exceptions
2023-10-03 11:53:43,722:INFO:Importing libraries
2023-10-03 11:53:43,722:INFO:Copying training dataset
2023-10-03 11:53:43,723:INFO:Defining folds
2023-10-03 11:53:43,724:INFO:Declaring metric variables
2023-10-03 11:53:43,741:INFO:Importing untrained model
2023-10-03 11:53:43,771:INFO:Decision Tree Classifier Imported succesfully
2023-10-03 11:53:43,795:INFO:Starting cross validation
2023-10-03 11:53:43,796:INFO:Cross validating with StratifiedKFold(n_splits=10, random_state=None, shuffle=False), n_jobs=-1
2023-10-03 11:53:43,970:INFO:Calculating mean and std
2023-10-03 11:53:43,971:INFO:Creating metrics dataframe
2023-10-03 11:53:43,976:INFO:Uploading results into container
2023-10-03 11:53:43,976:INFO:Uploading model into container now
2023-10-03 11:53:43,976:INFO:create_model_container: 4
2023-10-03 11:53:43,976:INFO:master_model_container: 4
2023-10-03 11:53:43,976:INFO:display_container: 2
2023-10-03 11:53:43,977:INFO:DecisionTreeClassifier(ccp_alpha=0.0, class_weight=None, criterion='gini',
                       max_depth=None, max_features=None, max_leaf_nodes=None,
                       min_impurity_decrease=0.0, min_impurity_split=None,
                       min_samples_leaf=1, min_samples_split=2,
                       min_weight_fraction_leaf=0.0, presort='deprecated',
                       random_state=8619, splitter='best')
2023-10-03 11:53:43,977:INFO:create_model() succesfully completed......................................
2023-10-03 11:53:44,126:INFO:SubProcess create_model() end ==================================
2023-10-03 11:53:44,127:INFO:Creating metrics dataframe
2023-10-03 11:53:44,138:INFO:Initializing SVM - Linear Kernel
2023-10-03 11:53:44,139:INFO:Total runtime is 0.17459054787953693 minutes
2023-10-03 11:53:44,149:INFO:SubProcess create_model() called ==================================
2023-10-03 11:53:44,150:INFO:Initializing create_model()
2023-10-03 11:53:44,150:INFO:create_model(estimator=svm, fold=StratifiedKFold(n_splits=10, random_state=None, shuffle=False), round=4, cross_validation=True, predict=True, fit_kwargs={}, groups=None, refit=False, verbose=False, system=False, metrics=None, experiment_custom_tags=None, add_to_model_list=True, probability_threshold=None, display=<pycaret.internal.Display.Display object at 0x000001D135BF23A0>, return_train_score=False, kwargs={})
2023-10-03 11:53:44,150:INFO:Checking exceptions
2023-10-03 11:53:44,150:INFO:Importing libraries
2023-10-03 11:53:44,150:INFO:Copying training dataset
2023-10-03 11:53:44,151:INFO:Defining folds
2023-10-03 11:53:44,151:INFO:Declaring metric variables
2023-10-03 11:53:44,161:INFO:Importing untrained model
2023-10-03 11:53:44,172:INFO:SVM - Linear Kernel Imported succesfully
2023-10-03 11:53:44,191:INFO:Starting cross validation
2023-10-03 11:53:44,192:INFO:Cross validating with StratifiedKFold(n_splits=10, random_state=None, shuffle=False), n_jobs=-1
2023-10-03 11:53:44,440:INFO:Calculating mean and std
2023-10-03 11:53:44,441:INFO:Creating metrics dataframe
2023-10-03 11:53:44,445:INFO:Uploading results into container
2023-10-03 11:53:44,446:INFO:Uploading model into container now
2023-10-03 11:53:44,446:INFO:create_model_container: 5
2023-10-03 11:53:44,446:INFO:master_model_container: 5
2023-10-03 11:53:44,446:INFO:display_container: 2
2023-10-03 11:53:44,447:INFO:SGDClassifier(alpha=0.0001, average=False, class_weight=None,
              early_stopping=False, epsilon=0.1, eta0=0.001, fit_intercept=True,
              l1_ratio=0.15, learning_rate='optimal', loss='hinge',
              max_iter=1000, n_iter_no_change=5, n_jobs=-1, penalty='l2',
              power_t=0.5, random_state=8619, shuffle=True, tol=0.001,
              validation_fraction=0.1, verbose=0, warm_start=False)
2023-10-03 11:53:44,447:INFO:create_model() succesfully completed......................................
2023-10-03 11:53:44,600:INFO:SubProcess create_model() end ==================================
2023-10-03 11:53:44,600:INFO:Creating metrics dataframe
2023-10-03 11:53:44,613:INFO:Initializing Ridge Classifier
2023-10-03 11:53:44,613:INFO:Total runtime is 0.1824929634730021 minutes
2023-10-03 11:53:44,624:INFO:SubProcess create_model() called ==================================
2023-10-03 11:53:44,625:INFO:Initializing create_model()
2023-10-03 11:53:44,625:INFO:create_model(estimator=ridge, fold=StratifiedKFold(n_splits=10, random_state=None, shuffle=False), round=4, cross_validation=True, predict=True, fit_kwargs={}, groups=None, refit=False, verbose=False, system=False, metrics=None, experiment_custom_tags=None, add_to_model_list=True, probability_threshold=None, display=<pycaret.internal.Display.Display object at 0x000001D135BF23A0>, return_train_score=False, kwargs={})
2023-10-03 11:53:44,625:INFO:Checking exceptions
2023-10-03 11:53:44,625:INFO:Importing libraries
2023-10-03 11:53:44,625:INFO:Copying training dataset
2023-10-03 11:53:44,626:INFO:Defining folds
2023-10-03 11:53:44,627:INFO:Declaring metric variables
2023-10-03 11:53:44,640:INFO:Importing untrained model
2023-10-03 11:53:44,652:INFO:Ridge Classifier Imported succesfully
2023-10-03 11:53:44,677:INFO:Starting cross validation
2023-10-03 11:53:44,678:INFO:Cross validating with StratifiedKFold(n_splits=10, random_state=None, shuffle=False), n_jobs=-1
2023-10-03 11:53:44,822:INFO:Calculating mean and std
2023-10-03 11:53:44,823:INFO:Creating metrics dataframe
2023-10-03 11:53:44,828:INFO:Uploading results into container
2023-10-03 11:53:44,828:INFO:Uploading model into container now
2023-10-03 11:53:44,829:INFO:create_model_container: 6
2023-10-03 11:53:44,829:INFO:master_model_container: 6
2023-10-03 11:53:44,829:INFO:display_container: 2
2023-10-03 11:53:44,829:INFO:RidgeClassifier(alpha=1.0, class_weight=None, copy_X=True, fit_intercept=True,
                max_iter=None, normalize=False, random_state=8619,
                solver='auto', tol=0.001)
2023-10-03 11:53:44,829:INFO:create_model() succesfully completed......................................
2023-10-03 11:53:44,973:INFO:SubProcess create_model() end ==================================
2023-10-03 11:53:44,973:INFO:Creating metrics dataframe
2023-10-03 11:53:44,987:INFO:Initializing Random Forest Classifier
2023-10-03 11:53:44,988:INFO:Total runtime is 0.18874968687693275 minutes
2023-10-03 11:53:45,001:INFO:SubProcess create_model() called ==================================
2023-10-03 11:53:45,001:INFO:Initializing create_model()
2023-10-03 11:53:45,002:INFO:create_model(estimator=rf, fold=StratifiedKFold(n_splits=10, random_state=None, shuffle=False), round=4, cross_validation=True, predict=True, fit_kwargs={}, groups=None, refit=False, verbose=False, system=False, metrics=None, experiment_custom_tags=None, add_to_model_list=True, probability_threshold=None, display=<pycaret.internal.Display.Display object at 0x000001D135BF23A0>, return_train_score=False, kwargs={})
2023-10-03 11:53:45,002:INFO:Checking exceptions
2023-10-03 11:53:45,002:INFO:Importing libraries
2023-10-03 11:53:45,003:INFO:Copying training dataset
2023-10-03 11:53:45,004:INFO:Defining folds
2023-10-03 11:53:45,004:INFO:Declaring metric variables
2023-10-03 11:53:45,015:INFO:Importing untrained model
2023-10-03 11:53:45,027:INFO:Random Forest Classifier Imported succesfully
2023-10-03 11:53:45,050:INFO:Starting cross validation
2023-10-03 11:53:45,051:INFO:Cross validating with StratifiedKFold(n_splits=10, random_state=None, shuffle=False), n_jobs=-1
2023-10-03 11:53:46,254:INFO:Calculating mean and std
2023-10-03 11:53:46,255:INFO:Creating metrics dataframe
2023-10-03 11:53:46,261:INFO:Uploading results into container
2023-10-03 11:53:46,262:INFO:Uploading model into container now
2023-10-03 11:53:46,262:INFO:create_model_container: 7
2023-10-03 11:53:46,262:INFO:master_model_container: 7
2023-10-03 11:53:46,262:INFO:display_container: 2
2023-10-03 11:53:46,263:INFO:RandomForestClassifier(bootstrap=True, ccp_alpha=0.0, class_weight=None,
                       criterion='gini', max_depth=None, max_features='auto',
                       max_leaf_nodes=None, max_samples=None,
                       min_impurity_decrease=0.0, min_impurity_split=None,
                       min_samples_leaf=1, min_samples_split=2,
                       min_weight_fraction_leaf=0.0, n_estimators=100,
                       n_jobs=-1, oob_score=False, random_state=8619, verbose=0,
                       warm_start=False)
2023-10-03 11:53:46,263:INFO:create_model() succesfully completed......................................
2023-10-03 11:53:46,417:INFO:SubProcess create_model() end ==================================
2023-10-03 11:53:46,417:INFO:Creating metrics dataframe
2023-10-03 11:53:46,431:INFO:Initializing Quadratic Discriminant Analysis
2023-10-03 11:53:46,431:INFO:Total runtime is 0.21279040177663164 minutes
2023-10-03 11:53:46,442:INFO:SubProcess create_model() called ==================================
2023-10-03 11:53:46,442:INFO:Initializing create_model()
2023-10-03 11:53:46,443:INFO:create_model(estimator=qda, fold=StratifiedKFold(n_splits=10, random_state=None, shuffle=False), round=4, cross_validation=True, predict=True, fit_kwargs={}, groups=None, refit=False, verbose=False, system=False, metrics=None, experiment_custom_tags=None, add_to_model_list=True, probability_threshold=None, display=<pycaret.internal.Display.Display object at 0x000001D135BF23A0>, return_train_score=False, kwargs={})
2023-10-03 11:53:46,443:INFO:Checking exceptions
2023-10-03 11:53:46,444:INFO:Importing libraries
2023-10-03 11:53:46,444:INFO:Copying training dataset
2023-10-03 11:53:46,446:INFO:Defining folds
2023-10-03 11:53:46,446:INFO:Declaring metric variables
2023-10-03 11:53:46,466:INFO:Importing untrained model
2023-10-03 11:53:46,484:INFO:Quadratic Discriminant Analysis Imported succesfully
2023-10-03 11:53:46,519:INFO:Starting cross validation
2023-10-03 11:53:46,520:INFO:Cross validating with StratifiedKFold(n_splits=10, random_state=None, shuffle=False), n_jobs=-1
2023-10-03 11:53:46,688:INFO:Calculating mean and std
2023-10-03 11:53:46,689:INFO:Creating metrics dataframe
2023-10-03 11:53:46,694:INFO:Uploading results into container
2023-10-03 11:53:46,694:INFO:Uploading model into container now
2023-10-03 11:53:46,694:INFO:create_model_container: 8
2023-10-03 11:53:46,694:INFO:master_model_container: 8
2023-10-03 11:53:46,694:INFO:display_container: 2
2023-10-03 11:53:46,695:INFO:QuadraticDiscriminantAnalysis(priors=None, reg_param=0.0,
                              store_covariance=False, tol=0.0001)
2023-10-03 11:53:46,695:INFO:create_model() succesfully completed......................................
2023-10-03 11:53:46,824:INFO:SubProcess create_model() end ==================================
2023-10-03 11:53:46,825:INFO:Creating metrics dataframe
2023-10-03 11:53:46,839:INFO:Initializing Ada Boost Classifier
2023-10-03 11:53:46,840:INFO:Total runtime is 0.21961061954498287 minutes
2023-10-03 11:53:46,852:INFO:SubProcess create_model() called ==================================
2023-10-03 11:53:46,853:INFO:Initializing create_model()
2023-10-03 11:53:46,853:INFO:create_model(estimator=ada, fold=StratifiedKFold(n_splits=10, random_state=None, shuffle=False), round=4, cross_validation=True, predict=True, fit_kwargs={}, groups=None, refit=False, verbose=False, system=False, metrics=None, experiment_custom_tags=None, add_to_model_list=True, probability_threshold=None, display=<pycaret.internal.Display.Display object at 0x000001D135BF23A0>, return_train_score=False, kwargs={})
2023-10-03 11:53:46,853:INFO:Checking exceptions
2023-10-03 11:53:46,853:INFO:Importing libraries
2023-10-03 11:53:46,853:INFO:Copying training dataset
2023-10-03 11:53:46,854:INFO:Defining folds
2023-10-03 11:53:46,855:INFO:Declaring metric variables
2023-10-03 11:53:46,866:INFO:Importing untrained model
2023-10-03 11:53:46,875:INFO:Ada Boost Classifier Imported succesfully
2023-10-03 11:53:46,899:INFO:Starting cross validation
2023-10-03 11:53:46,900:INFO:Cross validating with StratifiedKFold(n_splits=10, random_state=None, shuffle=False), n_jobs=-1
2023-10-03 11:53:47,480:INFO:Calculating mean and std
2023-10-03 11:53:47,481:INFO:Creating metrics dataframe
2023-10-03 11:53:47,487:INFO:Uploading results into container
2023-10-03 11:53:47,488:INFO:Uploading model into container now
2023-10-03 11:53:47,488:INFO:create_model_container: 9
2023-10-03 11:53:47,488:INFO:master_model_container: 9
2023-10-03 11:53:47,488:INFO:display_container: 2
2023-10-03 11:53:47,489:INFO:AdaBoostClassifier(algorithm='SAMME.R', base_estimator=None, learning_rate=1.0,
                   n_estimators=50, random_state=8619)
2023-10-03 11:53:47,489:INFO:create_model() succesfully completed......................................
2023-10-03 11:53:47,622:INFO:SubProcess create_model() end ==================================
2023-10-03 11:53:47,623:INFO:Creating metrics dataframe
2023-10-03 11:53:47,637:INFO:Initializing Gradient Boosting Classifier
2023-10-03 11:53:47,637:INFO:Total runtime is 0.23290193080902097 minutes
2023-10-03 11:53:47,645:INFO:SubProcess create_model() called ==================================
2023-10-03 11:53:47,645:INFO:Initializing create_model()
2023-10-03 11:53:47,646:INFO:create_model(estimator=gbc, fold=StratifiedKFold(n_splits=10, random_state=None, shuffle=False), round=4, cross_validation=True, predict=True, fit_kwargs={}, groups=None, refit=False, verbose=False, system=False, metrics=None, experiment_custom_tags=None, add_to_model_list=True, probability_threshold=None, display=<pycaret.internal.Display.Display object at 0x000001D135BF23A0>, return_train_score=False, kwargs={})
2023-10-03 11:53:47,646:INFO:Checking exceptions
2023-10-03 11:53:47,646:INFO:Importing libraries
2023-10-03 11:53:47,646:INFO:Copying training dataset
2023-10-03 11:53:47,647:INFO:Defining folds
2023-10-03 11:53:47,647:INFO:Declaring metric variables
2023-10-03 11:53:47,656:INFO:Importing untrained model
2023-10-03 11:53:47,667:INFO:Gradient Boosting Classifier Imported succesfully
2023-10-03 11:53:47,689:INFO:Starting cross validation
2023-10-03 11:53:47,690:INFO:Cross validating with StratifiedKFold(n_splits=10, random_state=None, shuffle=False), n_jobs=-1
2023-10-03 11:53:49,299:INFO:Calculating mean and std
2023-10-03 11:53:49,300:INFO:Creating metrics dataframe
2023-10-03 11:53:49,304:INFO:Uploading results into container
2023-10-03 11:53:49,304:INFO:Uploading model into container now
2023-10-03 11:53:49,305:INFO:create_model_container: 10
2023-10-03 11:53:49,305:INFO:master_model_container: 10
2023-10-03 11:53:49,305:INFO:display_container: 2
2023-10-03 11:53:49,306:INFO:GradientBoostingClassifier(ccp_alpha=0.0, criterion='friedman_mse', init=None,
                           learning_rate=0.1, loss='deviance', max_depth=3,
                           max_features=None, max_leaf_nodes=None,
                           min_impurity_decrease=0.0, min_impurity_split=None,
                           min_samples_leaf=1, min_samples_split=2,
                           min_weight_fraction_leaf=0.0, n_estimators=100,
                           n_iter_no_change=None, presort='deprecated',
                           random_state=8619, subsample=1.0, tol=0.0001,
                           validation_fraction=0.1, verbose=0,
                           warm_start=False)
2023-10-03 11:53:49,306:INFO:create_model() succesfully completed......................................
2023-10-03 11:53:49,441:INFO:SubProcess create_model() end ==================================
2023-10-03 11:53:49,441:INFO:Creating metrics dataframe
2023-10-03 11:53:49,456:INFO:Initializing Linear Discriminant Analysis
2023-10-03 11:53:49,456:INFO:Total runtime is 0.2632055441538493 minutes
2023-10-03 11:53:49,469:INFO:SubProcess create_model() called ==================================
2023-10-03 11:53:49,469:INFO:Initializing create_model()
2023-10-03 11:53:49,469:INFO:create_model(estimator=lda, fold=StratifiedKFold(n_splits=10, random_state=None, shuffle=False), round=4, cross_validation=True, predict=True, fit_kwargs={}, groups=None, refit=False, verbose=False, system=False, metrics=None, experiment_custom_tags=None, add_to_model_list=True, probability_threshold=None, display=<pycaret.internal.Display.Display object at 0x000001D135BF23A0>, return_train_score=False, kwargs={})
2023-10-03 11:53:49,470:INFO:Checking exceptions
2023-10-03 11:53:49,470:INFO:Importing libraries
2023-10-03 11:53:49,470:INFO:Copying training dataset
2023-10-03 11:53:49,471:INFO:Defining folds
2023-10-03 11:53:49,472:INFO:Declaring metric variables
2023-10-03 11:53:49,482:INFO:Importing untrained model
2023-10-03 11:53:49,493:INFO:Linear Discriminant Analysis Imported succesfully
2023-10-03 11:53:49,517:INFO:Starting cross validation
2023-10-03 11:53:49,518:INFO:Cross validating with StratifiedKFold(n_splits=10, random_state=None, shuffle=False), n_jobs=-1
2023-10-03 11:53:49,728:INFO:Calculating mean and std
2023-10-03 11:53:49,729:INFO:Creating metrics dataframe
2023-10-03 11:53:49,733:INFO:Uploading results into container
2023-10-03 11:53:49,733:INFO:Uploading model into container now
2023-10-03 11:53:49,733:INFO:create_model_container: 11
2023-10-03 11:53:49,733:INFO:master_model_container: 11
2023-10-03 11:53:49,733:INFO:display_container: 2
2023-10-03 11:53:49,734:INFO:LinearDiscriminantAnalysis(n_components=None, priors=None, shrinkage=None,
                           solver='svd', store_covariance=False, tol=0.0001)
2023-10-03 11:53:49,734:INFO:create_model() succesfully completed......................................
2023-10-03 11:53:49,867:INFO:SubProcess create_model() end ==================================
2023-10-03 11:53:49,867:INFO:Creating metrics dataframe
2023-10-03 11:53:49,884:INFO:Initializing Extra Trees Classifier
2023-10-03 11:53:49,884:INFO:Total runtime is 0.2703373312950134 minutes
2023-10-03 11:53:49,894:INFO:SubProcess create_model() called ==================================
2023-10-03 11:53:49,895:INFO:Initializing create_model()
2023-10-03 11:53:49,896:INFO:create_model(estimator=et, fold=StratifiedKFold(n_splits=10, random_state=None, shuffle=False), round=4, cross_validation=True, predict=True, fit_kwargs={}, groups=None, refit=False, verbose=False, system=False, metrics=None, experiment_custom_tags=None, add_to_model_list=True, probability_threshold=None, display=<pycaret.internal.Display.Display object at 0x000001D135BF23A0>, return_train_score=False, kwargs={})
2023-10-03 11:53:49,896:INFO:Checking exceptions
2023-10-03 11:53:49,896:INFO:Importing libraries
2023-10-03 11:53:49,896:INFO:Copying training dataset
2023-10-03 11:53:49,897:INFO:Defining folds
2023-10-03 11:53:49,898:INFO:Declaring metric variables
2023-10-03 11:53:49,906:INFO:Importing untrained model
2023-10-03 11:53:49,916:INFO:Extra Trees Classifier Imported succesfully
2023-10-03 11:53:49,941:INFO:Starting cross validation
2023-10-03 11:53:49,942:INFO:Cross validating with StratifiedKFold(n_splits=10, random_state=None, shuffle=False), n_jobs=-1
2023-10-03 11:53:51,061:INFO:Calculating mean and std
2023-10-03 11:53:51,062:INFO:Creating metrics dataframe
2023-10-03 11:53:51,067:INFO:Uploading results into container
2023-10-03 11:53:51,067:INFO:Uploading model into container now
2023-10-03 11:53:51,068:INFO:create_model_container: 12
2023-10-03 11:53:51,068:INFO:master_model_container: 12
2023-10-03 11:53:51,068:INFO:display_container: 2
2023-10-03 11:53:51,069:INFO:ExtraTreesClassifier(bootstrap=False, ccp_alpha=0.0, class_weight=None,
                     criterion='gini', max_depth=None, max_features='auto',
                     max_leaf_nodes=None, max_samples=None,
                     min_impurity_decrease=0.0, min_impurity_split=None,
                     min_samples_leaf=1, min_samples_split=2,
                     min_weight_fraction_leaf=0.0, n_estimators=100, n_jobs=-1,
                     oob_score=False, random_state=8619, verbose=0,
                     warm_start=False)
2023-10-03 11:53:51,069:INFO:create_model() succesfully completed......................................
2023-10-03 11:53:51,201:INFO:SubProcess create_model() end ==================================
2023-10-03 11:53:51,201:INFO:Creating metrics dataframe
2023-10-03 11:53:51,214:INFO:Initializing Extreme Gradient Boosting
2023-10-03 11:53:51,215:INFO:Total runtime is 0.29253214995066323 minutes
2023-10-03 11:53:51,227:INFO:SubProcess create_model() called ==================================
2023-10-03 11:53:51,228:INFO:Initializing create_model()
2023-10-03 11:53:51,228:INFO:create_model(estimator=xgboost, fold=StratifiedKFold(n_splits=10, random_state=None, shuffle=False), round=4, cross_validation=True, predict=True, fit_kwargs={}, groups=None, refit=False, verbose=False, system=False, metrics=None, experiment_custom_tags=None, add_to_model_list=True, probability_threshold=None, display=<pycaret.internal.Display.Display object at 0x000001D135BF23A0>, return_train_score=False, kwargs={})
2023-10-03 11:53:51,228:INFO:Checking exceptions
2023-10-03 11:53:51,228:INFO:Importing libraries
2023-10-03 11:53:51,228:INFO:Copying training dataset
2023-10-03 11:53:51,230:INFO:Defining folds
2023-10-03 11:53:51,230:INFO:Declaring metric variables
2023-10-03 11:53:51,284:INFO:Importing untrained model
2023-10-03 11:53:51,296:INFO:Extreme Gradient Boosting Imported succesfully
2023-10-03 11:53:51,322:INFO:Starting cross validation
2023-10-03 11:53:51,324:INFO:Cross validating with StratifiedKFold(n_splits=10, random_state=None, shuffle=False), n_jobs=-1
2023-10-03 11:53:53,551:INFO:Calculating mean and std
2023-10-03 11:53:53,553:INFO:Creating metrics dataframe
2023-10-03 11:53:53,558:INFO:Uploading results into container
2023-10-03 11:53:53,559:INFO:Uploading model into container now
2023-10-03 11:53:53,559:INFO:create_model_container: 13
2023-10-03 11:53:53,559:INFO:master_model_container: 13
2023-10-03 11:53:53,559:INFO:display_container: 2
2023-10-03 11:53:53,561:INFO:XGBClassifier(base_score=None, booster='gbtree', callbacks=None,
              colsample_bylevel=None, colsample_bynode=None,
              colsample_bytree=None, early_stopping_rounds=None,
              enable_categorical=False, eval_metric=None, gamma=None,
              gpu_id=None, grow_policy=None, importance_type=None,
              interaction_constraints=None, learning_rate=None, max_bin=None,
              max_cat_to_onehot=None, max_delta_step=None, max_depth=None,
              max_leaves=None, min_child_weight=None, missing=nan,
              monotone_constraints=None, n_estimators=100, n_jobs=-1,
              num_parallel_tree=None, objective='binary:logistic',
              predictor=None, random_state=8619, reg_alpha=None, ...)
2023-10-03 11:53:53,561:INFO:create_model() succesfully completed......................................
2023-10-03 11:53:53,693:INFO:SubProcess create_model() end ==================================
2023-10-03 11:53:53,693:INFO:Creating metrics dataframe
2023-10-03 11:53:53,708:INFO:Initializing Light Gradient Boosting Machine
2023-10-03 11:53:53,709:INFO:Total runtime is 0.3340956052144368 minutes
2023-10-03 11:53:53,719:INFO:SubProcess create_model() called ==================================
2023-10-03 11:53:53,720:INFO:Initializing create_model()
2023-10-03 11:53:53,720:INFO:create_model(estimator=lightgbm, fold=StratifiedKFold(n_splits=10, random_state=None, shuffle=False), round=4, cross_validation=True, predict=True, fit_kwargs={}, groups=None, refit=False, verbose=False, system=False, metrics=None, experiment_custom_tags=None, add_to_model_list=True, probability_threshold=None, display=<pycaret.internal.Display.Display object at 0x000001D135BF23A0>, return_train_score=False, kwargs={})
2023-10-03 11:53:53,720:INFO:Checking exceptions
2023-10-03 11:53:53,721:INFO:Importing libraries
2023-10-03 11:53:53,721:INFO:Copying training dataset
2023-10-03 11:53:53,722:INFO:Defining folds
2023-10-03 11:53:53,722:INFO:Declaring metric variables
2023-10-03 11:53:53,733:INFO:Importing untrained model
2023-10-03 11:53:53,742:INFO:Light Gradient Boosting Machine Imported succesfully
2023-10-03 11:53:53,766:INFO:Starting cross validation
2023-10-03 11:53:53,767:INFO:Cross validating with StratifiedKFold(n_splits=10, random_state=None, shuffle=False), n_jobs=-1
2023-10-03 11:53:54,246:INFO:Calculating mean and std
2023-10-03 11:53:54,247:INFO:Creating metrics dataframe
2023-10-03 11:53:54,252:INFO:Uploading results into container
2023-10-03 11:53:54,252:INFO:Uploading model into container now
2023-10-03 11:53:54,252:INFO:create_model_container: 14
2023-10-03 11:53:54,252:INFO:master_model_container: 14
2023-10-03 11:53:54,252:INFO:display_container: 2
2023-10-03 11:53:54,253:INFO:LGBMClassifier(boosting_type='gbdt', class_weight=None, colsample_bytree=1.0,
               importance_type='split', learning_rate=0.1, max_depth=-1,
               min_child_samples=20, min_child_weight=0.001, min_split_gain=0.0,
               n_estimators=100, n_jobs=-1, num_leaves=31, objective=None,
               random_state=8619, reg_alpha=0.0, reg_lambda=0.0, silent='warn',
               subsample=1.0, subsample_for_bin=200000, subsample_freq=0)
2023-10-03 11:53:54,253:INFO:create_model() succesfully completed......................................
2023-10-03 11:53:54,386:INFO:SubProcess create_model() end ==================================
2023-10-03 11:53:54,387:INFO:Creating metrics dataframe
2023-10-03 11:53:54,402:INFO:Initializing Dummy Classifier
2023-10-03 11:53:54,403:INFO:Total runtime is 0.34566319783528643 minutes
2023-10-03 11:53:54,414:INFO:SubProcess create_model() called ==================================
2023-10-03 11:53:54,415:INFO:Initializing create_model()
2023-10-03 11:53:54,415:INFO:create_model(estimator=dummy, fold=StratifiedKFold(n_splits=10, random_state=None, shuffle=False), round=4, cross_validation=True, predict=True, fit_kwargs={}, groups=None, refit=False, verbose=False, system=False, metrics=None, experiment_custom_tags=None, add_to_model_list=True, probability_threshold=None, display=<pycaret.internal.Display.Display object at 0x000001D135BF23A0>, return_train_score=False, kwargs={})
2023-10-03 11:53:54,415:INFO:Checking exceptions
2023-10-03 11:53:54,415:INFO:Importing libraries
2023-10-03 11:53:54,415:INFO:Copying training dataset
2023-10-03 11:53:54,417:INFO:Defining folds
2023-10-03 11:53:54,417:INFO:Declaring metric variables
2023-10-03 11:53:54,425:INFO:Importing untrained model
2023-10-03 11:53:54,438:INFO:Dummy Classifier Imported succesfully
2023-10-03 11:53:54,458:INFO:Starting cross validation
2023-10-03 11:53:54,459:INFO:Cross validating with StratifiedKFold(n_splits=10, random_state=None, shuffle=False), n_jobs=-1
2023-10-03 11:53:54,581:INFO:Calculating mean and std
2023-10-03 11:53:54,582:INFO:Creating metrics dataframe
2023-10-03 11:53:54,587:INFO:Uploading results into container
2023-10-03 11:53:54,587:INFO:Uploading model into container now
2023-10-03 11:53:54,588:INFO:create_model_container: 15
2023-10-03 11:53:54,588:INFO:master_model_container: 15
2023-10-03 11:53:54,588:INFO:display_container: 2
2023-10-03 11:53:54,588:INFO:DummyClassifier(constant=None, random_state=8619, strategy='prior')
2023-10-03 11:53:54,588:INFO:create_model() succesfully completed......................................
2023-10-03 11:53:54,717:INFO:SubProcess create_model() end ==================================
2023-10-03 11:53:54,717:INFO:Creating metrics dataframe
2023-10-03 11:53:54,759:INFO:Initializing create_model()
2023-10-03 11:53:54,759:INFO:create_model(estimator=DummyClassifier(constant=None, random_state=8619, strategy='prior'), fold=StratifiedKFold(n_splits=10, random_state=None, shuffle=False), round=4, cross_validation=False, predict=False, fit_kwargs={}, groups=None, refit=True, verbose=False, system=False, metrics=None, experiment_custom_tags=None, add_to_model_list=True, probability_threshold=None, display=None, return_train_score=False, kwargs={})
2023-10-03 11:53:54,760:INFO:Checking exceptions
2023-10-03 11:53:54,761:INFO:Importing libraries
2023-10-03 11:53:54,761:INFO:Copying training dataset
2023-10-03 11:53:54,762:INFO:Defining folds
2023-10-03 11:53:54,762:INFO:Declaring metric variables
2023-10-03 11:53:54,762:INFO:Importing untrained model
2023-10-03 11:53:54,762:INFO:Declaring custom model
2023-10-03 11:53:54,763:INFO:Dummy Classifier Imported succesfully
2023-10-03 11:53:54,763:INFO:Cross validation set to False
2023-10-03 11:53:54,763:INFO:Fitting Model
2023-10-03 11:53:54,806:INFO:DummyClassifier(constant=None, random_state=8619, strategy='prior')
2023-10-03 11:53:54,806:INFO:create_models() succesfully completed......................................
2023-10-03 11:53:54,974:INFO:create_model_container: 15
2023-10-03 11:53:54,974:INFO:master_model_container: 15
2023-10-03 11:53:54,974:INFO:display_container: 2
2023-10-03 11:53:54,975:INFO:DummyClassifier(constant=None, random_state=8619, strategy='prior')
2023-10-03 11:53:54,975:INFO:compare_models() succesfully completed......................................
